  소스.cpp
c:\users\phudal\source\repos\project1\project1\소스.cpp(90): error C4996: 'strcpy': This function or variable may be unsafe. Consider using strcpy_s instead. To disable deprecation, use _CRT_SECURE_NO_WARNINGS. See online help for details.
  c:\program files (x86)\windows kits\10\include\10.0.16299.0\ucrt\string.h(132): note: 'strcpy' 선언을 참조하십시오.
c:\users\phudal\source\repos\project1\project1\소스.cpp(112): error C2440: 'return': 'char *[256]'에서 'char *'(으)로 변환할 수 없습니다.
  c:\users\phudal\source\repos\project1\project1\소스.cpp(112): note: 가리킨 형식이 관련이 없습니다. 변환하려면 reinterpret_cast, C 스타일 캐스트 또는 함수 스타일 캐스트가 필요합니다.
c:\users\phudal\source\repos\project1\project1\소스.cpp(115): error C2664: 'char *strcpy(char *,const char *)': 인수 1을(를) 'char *[256]'에서 'char *'(으)로 변환할 수 없습니다.
  c:\users\phudal\source\repos\project1\project1\소스.cpp(115): note: 가리킨 형식이 관련이 없습니다. 변환하려면 reinterpret_cast, C 스타일 캐스트 또는 함수 스타일 캐스트가 필요합니다.
c:\users\phudal\source\repos\project1\project1\소스.cpp(119): error C2248: 'CarInformation::color': private 멤버('CarInformation' 클래스에서 선언)에 액세스할 수 없습니다.
  c:\users\phudal\source\repos\project1\project1\소스.cpp(79): note: 'CarInformation::color' 선언을 참조하십시오.
  c:\users\phudal\source\repos\project1\project1\소스.cpp(77): note: 'CarInformation' 선언을 참조하십시오.
c:\users\phudal\source\repos\project1\project1\소스.cpp(120): error C2248: 'CarInformation::carnumber': private 멤버('CarInformation' 클래스에서 선언)에 액세스할 수 없습니다.
  c:\users\phudal\source\repos\project1\project1\소스.cpp(80): note: 'CarInformation::carnumber' 선언을 참조하십시오.
  c:\users\phudal\source\repos\project1\project1\소스.cpp(77): note: 'CarInformation' 선언을 참조하십시오.
c:\users\phudal\source\repos\project1\project1\소스.cpp(121): error C2248: 'CarInformation::speed': private 멤버('CarInformation' 클래스에서 선언)에 액세스할 수 없습니다.
  c:\users\phudal\source\repos\project1\project1\소스.cpp(81): note: 'CarInformation::speed' 선언을 참조하십시오.
  c:\users\phudal\source\repos\project1\project1\소스.cpp(77): note: 'CarInformation' 선언을 참조하십시오.
c:\users\phudal\source\repos\project1\project1\소스.cpp(122): error C2248: 'CarInformation::gear': private 멤버('CarInformation' 클래스에서 선언)에 액세스할 수 없습니다.
  c:\users\phudal\source\repos\project1\project1\소스.cpp(82): note: 'CarInformation::gear' 선언을 참조하십시오.
  c:\users\phudal\source\repos\project1\project1\소스.cpp(77): note: 'CarInformation' 선언을 참조하십시오.
c:\users\phudal\source\repos\project1\project1\소스.cpp(132): error C2143: 구문 오류: ';'이(가) '}' 앞에 없습니다.
